<?xml version="1.0" encoding="UTF-8"?>
<!-- Generated by org.testng.reporters.JUnitXMLReporter -->
<testsuite ignored="0" hostname="Sais-MacBook-Pro-2.local" failures="1" tests="8" name="Test1" time="3.942" errors="0" timestamp="2026-05-08T13:35:05 PDT">
  <testcase classname="testNGExcercises.TestNG_01" name="loginApp" time="0.0"/>
  <testcase classname="testNGExcercises.TestNG_01" name="closeBrowser" time="0.001"/>
  <testcase classname="testNGExcercises.TestNG_01" name="zlogoCheck" time="0.0"/>
  <testcase classname="testNGExcercises.TestNG_01" name="openBrowser" time="0.0"/>
  <testcase classname="testNGExcercises.TestNG_02" name="openApplication" time="3.818"/>
  <testcase classname="testNGExcercises.TestNG_02" name="hardAssertion" time="0.0"/>
  <testcase classname="testNGExcercises.TestNG_02" name="softAsssertion" time="0.029">
    <failure type="java.lang.AssertionError" message="expected:&amp;lt;Sign up for OrangeHRM Free Trial&amp;gt; but was:&amp;lt;Failed Sign up for OrangeHRM Free Trial&amp;gt;">
      <![CDATA[java.lang.AssertionError: expected:<Sign up for OrangeHRM Free Trial> but was:<Failed Sign up for OrangeHRM Free Trial>
at testNGExcercises.TestNG_02.softAsssertion(TestNG_02.java:69)
at java.base/java.util.ArrayList.forEach(ArrayList.java:1604)
... Removed 28 stack frames]]>
    </failure>
  </testcase> <!-- softAsssertion -->
  <testcase classname="testNGExcercises.TestNG_02" name="closeBroswer" time="0.086"/>
</testsuite> <!-- Test1 -->
