<?xml version="1.0" encoding="UTF-8"?>
<!-- Generated by org.testng.reporters.JUnitXMLReporter -->
<testsuite ignored="1" hostname="Sais-MacBook-Pro-2.local" failures="1" tests="3" name="Test3" time="3.827" errors="0" timestamp="2026-05-08T13:35:09 PDT">
  <testcase classname="testNGExcercises.TestNG_02" name="openApplication" time="3.792"/>
  <testcase classname="testNGExcercises.TestNG_02" name="hardAssertion" time="0.001"/>
  <testcase classname="testNGExcercises.TestNG_02" name="softAsssertion" time="0.028">
    <failure type="java.lang.AssertionError" message="expected:&amp;lt;Sign up for OrangeHRM Free Trial&amp;gt; but was:&amp;lt;Failed Sign up for OrangeHRM Free Trial&amp;gt;">
      <![CDATA[java.lang.AssertionError: expected:<Sign up for OrangeHRM Free Trial> but was:<Failed Sign up for OrangeHRM Free Trial>
at testNGExcercises.TestNG_02.softAsssertion(TestNG_02.java:69)
at java.base/java.util.ArrayList.forEach(ArrayList.java:1604)
... Removed 28 stack frames]]>
    </failure>
  </testcase> <!-- softAsssertion -->
  <testcase classname="testNGExcercises.TestNG_02" name="closeBroswer" time="0.0">
    <ignored/>
  </testcase> <!-- closeBroswer -->
</testsuite> <!-- Test3 -->
