<?xml version="1.0" encoding="UTF-8"?>
<!-- Generated by org.testng.reporters.JUnitXMLReporter -->
<testsuite ignored="0" hostname="Sais-MacBook-Pro-2.local" failures="1" tests="8" name="Test1" time="4.891" errors="0" timestamp="2026-05-05T14:07:47 PDT">
  <testcase classname="testNGExcercises.TestNG_01" name="loginApp" time="0.005"/>
  <testcase classname="testNGExcercises.TestNG_01" name="closeBrowser" time="0.001"/>
  <testcase classname="testNGExcercises.TestNG_01" name="zlogoCheck" time="0.001"/>
  <testcase classname="testNGExcercises.TestNG_01" name="openBrowser" time="0.0"/>
  <testcase classname="testNGExcercises.TestNG_02" name="openApplication" time="4.725"/>
  <testcase classname="testNGExcercises.TestNG_02" name="hardAssertion" time="0.006"/>
  <testcase classname="testNGExcercises.TestNG_02" name="softAsssertion" time="0.038">
    <failure type="java.lang.AssertionError" message="The following asserts failed:
	expected [Failed Sign up for OrangeHRM Free Trial] but found [Sign up for OrangeHRM Free Trial],
	Current page URL mismatch expected [https://orangehrm.com/30-day-free-trialFailed] but found [https://orangehrm.com/30-day-free-trial],
	Contact Same label mismatch expected [Failed Contact Sales] but found [Contact Sales]">
      <![CDATA[java.lang.AssertionError: The following asserts failed:
expected [Failed Sign up for OrangeHRM Free Trial] but found [Sign up for OrangeHRM Free Trial],
Current page URL mismatch expected [https://orangehrm.com/30-day-free-trialFailed] but found [https://orangehrm.com/30-day-free-trial],
Contact Same label mismatch expected [Failed Contact Sales] but found [Contact Sales]
at testNGExcercises.TestNG_02.softAsssertion(TestNG_02.java:81)
at java.base/java.util.ArrayList.forEach(ArrayList.java:1604)
... Removed 27 stack frames]]>
    </failure>
  </testcase> <!-- softAsssertion -->
  <testcase classname="testNGExcercises.TestNG_02" name="closeBroswer" time="0.089"/>
</testsuite> <!-- Test1 -->
