<?xml version="1.0" encoding="UTF-8"?>
<!-- Generated by org.testng.reporters.JUnitXMLReporter -->
<testsuite ignored="1" hostname="Sais-MacBook-Pro-2.local" failures="1" tests="3" name="Test3" time="3.886" errors="0" timestamp="2026-05-05T14:07:51 PDT">
  <testcase classname="testNGExcercises.TestNG_02" name="openApplication" time="3.853"/>
  <testcase classname="testNGExcercises.TestNG_02" name="hardAssertion" time="0.001"/>
  <testcase classname="testNGExcercises.TestNG_02" name="softAsssertion" time="0.027">
    <failure type="java.lang.AssertionError" message="The following asserts failed:
	expected [Failed Sign up for OrangeHRM Free Trial] but found [Sign up for OrangeHRM Free Trial],
	Current page URL mismatch expected [https://orangehrm.com/30-day-free-trialFailed] but found [https://orangehrm.com/30-day-free-trial],
	Contact Same label mismatch expected [Failed Contact Sales] but found [Contact Sales]">
      <![CDATA[java.lang.AssertionError: The following asserts failed:
expected [Failed Sign up for OrangeHRM Free Trial] but found [Sign up for OrangeHRM Free Trial],
Current page URL mismatch expected [https://orangehrm.com/30-day-free-trialFailed] but found [https://orangehrm.com/30-day-free-trial],
Contact Same label mismatch expected [Failed Contact Sales] but found [Contact Sales]
at testNGExcercises.TestNG_02.softAsssertion(TestNG_02.java:81)
at java.base/java.util.ArrayList.forEach(ArrayList.java:1604)
... Removed 27 stack frames]]>
    </failure>
  </testcase> <!-- softAsssertion -->
  <testcase classname="testNGExcercises.TestNG_02" name="closeBroswer" time="0.0">
    <ignored/>
  </testcase> <!-- closeBroswer -->
</testsuite> <!-- Test3 -->
