<?xml version="1.0" encoding="UTF-8"?>
<!-- Generated by org.testng.reporters.JUnitXMLReporter -->
<testsuite ignored="3" hostname="Sais-MacBook-Pro-2.local" failures="0" tests="1" name="Test2" time="0.002" errors="0" timestamp="2026-05-05T14:07:47 PDT">
  <testcase classname="testNGExcercises.TestNG_01" name="loginApp" time="0.0"/>
  <testcase classname="testNGExcercises.TestNG_01" name="openBrowser" time="0.0">
    <ignored/>
  </testcase> <!-- openBrowser -->
  <testcase classname="testNGExcercises.TestNG_01" name="zlogoCheck" time="0.0">
    <ignored/>
  </testcase> <!-- zlogoCheck -->
  <testcase classname="testNGExcercises.TestNG_01" name="closeBrowser" time="0.0">
    <ignored/>
  </testcase> <!-- closeBrowser -->
</testsuite> <!-- Test2 -->
