<?xml version="1.0" encoding="UTF-8"?>
<!-- Generated by org.testng.reporters.JUnitXMLReporter -->
<testsuite ignored="0" hostname="Sais-MacBook-Pro-2.local" failures="0" tests="4" name="GRP-functionalTesting" time="0.023" errors="0" timestamp="2026-05-08T11:32:55 PDT">
  <testcase classname="testNGExcercises.TestNG_04" name="method1" time="0.004"/>
  <testcase classname="testNGExcercises.TestNG_04" name="method2" time="0.001"/>
  <testcase classname="testNGExcercises.TestNG_04" name="method3" time="0.0"/>
  <testcase classname="testNGExcercises.TestNG_04" name="method4" time="0.0"/>
</testsuite> <!-- GRP-functionalTesting -->
