<?xml version="1.0" encoding="UTF-8"?>
<!-- Generated by org.testng.reporters.JUnitXMLReporter -->
<testsuite ignored="2" hostname="Sais-MacBook-Pro-2.local" failures="0" tests="2" name="GRP-smokeTesting" time="0.018" errors="0" timestamp="2026-05-08T11:33:17 PDT">
  <testcase classname="testNGExcercises.TestNG_04" name="method1" time="0.004"/>
  <testcase classname="testNGExcercises.TestNG_04" name="method3" time="0.0"/>
  <testcase classname="testNGExcercises.TestNG_04" name="method4" time="0.0">
    <ignored/>
  </testcase> <!-- method4 -->
  <testcase classname="testNGExcercises.TestNG_04" name="method2" time="0.0">
    <ignored/>
  </testcase> <!-- method2 -->
</testsuite> <!-- GRP-smokeTesting -->
