<?xml version="1.0" encoding="UTF-8"?>
<testng-results ignored="0" total="2" passed="2" failed="0" skipped="0">
  <reporter-output>
  </reporter-output>
  <suite started-at="2026-05-21T13:12:53 PDT" name="Default suite" finished-at="2026-05-21T13:12:53 PDT" duration-ms="16">
    <groups>
      <group name="smokeTesting">
        <method signature="TestNG_05.method01()[pri:0, instance:testNGExcercises.TestNG_05@31d7b7bf]" name="method01" class="testNGExcercises.TestNG_05"/>
        <method signature="TestNG_05.method02()[pri:0, instance:testNGExcercises.TestNG_05@31d7b7bf]" name="method02" class="testNGExcercises.TestNG_05"/>
      </group> <!-- smokeTesting -->
      <group name="functionalTesting">
        <method signature="TestNG_05.method01()[pri:0, instance:testNGExcercises.TestNG_05@31d7b7bf]" name="method01" class="testNGExcercises.TestNG_05"/>
      </group> <!-- functionalTesting -->
    </groups>
    <test started-at="2026-05-21T13:12:53 PDT" name="Default test" finished-at="2026-05-21T13:12:53 PDT" duration-ms="16">
      <class name="testNGExcercises.TestNG_05">
        <test-method signature="method01()[pri:0, instance:testNGExcercises.TestNG_05@31d7b7bf]" started-at="2026-05-21T13:12:53 PDT" name="method01" finished-at="2026-05-21T13:12:53 PDT" duration-ms="3" status="PASS">
          <reporter-output>
          </reporter-output>
        </test-method> <!-- method01 -->
        <test-method signature="method02()[pri:0, instance:testNGExcercises.TestNG_05@31d7b7bf]" started-at="2026-05-21T13:12:53 PDT" name="method02" finished-at="2026-05-21T13:12:53 PDT" duration-ms="1" status="PASS">
          <reporter-output>
          </reporter-output>
        </test-method> <!-- method02 -->
      </class> <!-- testNGExcercises.TestNG_05 -->
    </test> <!-- Default test -->
  </suite> <!-- Default suite -->
</testng-results>
