<?xml version="1.0" encoding="UTF-8"?>
<!-- Generated by org.testng.reporters.JUnitReportReporter -->
<testsuite hostname="Sais-MacBook-Pro-2.local" failures="0" tests="3" name="testNGExcercises.TestNG_04" time="0.000" errors="0" timestamp="2026-05-08T14:07:03 PDT" skipped="0">
  <testcase classname="testNGExcercises.TestNG_04" name="method1" time="0.000"/>
  <testcase classname="testNGExcercises.TestNG_04" name="method2" time="0.000"/>
  <testcase classname="testNGExcercises.TestNG_04" name="method3" time="0.000"/>
</testsuite> <!-- testNGExcercises.TestNG_04 -->
