<?xml version="1.0" encoding="UTF-8"?>
<!-- Generated by org.testng.reporters.JUnitReportReporter -->
<testsuite hostname="Sais-MacBook-Pro-2.local" failures="0" tests="9" name="testNGExcercises.TestNG_01" time="0.002" errors="0" timestamp="2026-05-08T13:35:09 PDT" skipped="0">
  <testcase classname="testNGExcercises.TestNG_01" name="loginApp" time="0.000"/>
  <testcase classname="testNGExcercises.TestNG_01" name="loginApp" time="0.000"/>
  <testcase classname="testNGExcercises.TestNG_01" name="loginApp" time="0.001"/>
  <testcase classname="testNGExcercises.TestNG_01" name="zlogoCheck" time="0.000"/>
  <testcase classname="testNGExcercises.TestNG_01" name="closeBrowser" time="0.000"/>
  <testcase classname="testNGExcercises.TestNG_01" name="closeBrowser" time="0.001"/>
  <testcase classname="testNGExcercises.TestNG_01" name="zlogoCheck" time="0.000"/>
  <testcase classname="testNGExcercises.TestNG_01" name="openBrowser" time="0.000"/>
  <testcase classname="testNGExcercises.TestNG_01" name="openBrowser" time="0.000"/>
</testsuite> <!-- testNGExcercises.TestNG_01 -->
